2019-04-03 10:53:54 INFO  LoginPageTest:18 - started execution
2019-04-03 10:53:54 INFO  LoginPageTest:20 - verify the assertion message
2019-04-03 10:53:54 INFO  LoginPageTest:25 - started login to application
2019-04-03 10:53:56 INFO  LoginPageTest:30 - not able to login into application
started execution
verify the assertion message
started login to application
not able to login into application
started execution
verify the assertion message
started login to application
started execution
verify the assertion message
started login to application
not able to login into application
started execution
verify the assertion message
started login to application
not able to login into application
started execution
verify the assertion message
started login to application
not able to login into application
